<?xml version="1.0" encoding="UTF-8"?>
<testsuite xmlns:xsi="http://www.w3.org/2001/XMLSchema-instance" xsi:noNamespaceSchemaLocation="https://maven.apache.org/surefire/maven-surefire-plugin/xsd/surefire-test-report.xsd" version="3.0.2" name="com.mdymen85.locktest.LocktestApplicationTests" time="4.619" tests="1" errors="0" skipped="0" failures="0">
  <properties>
[...]
</properties>
  <testcase name="contextLoads" classname="com.mdymen85.locktest.LocktestApplicationTests" time="0.699">
    <system-out><![CDATA[11:29:03.299 [main] INFO org.springframework.test.context.support.AnnotationConfigContextLoaderUtils -- Could not detect default configuration classes for test class [com.mdymen85.locktest.LocktestApplicationTests]: LocktestApplicationTests does not declare any static, non-private, non-final, nested classes annotated with @Configuration.
11:29:03.580 [main] INFO org.springframework.boot.test.context.SpringBootTestContextBootstrapper -- Found @SpringBootConfiguration com.mdymen85.locktest.LocktestApplication for test class com.mdymen85.locktest.LocktestApplicationTests

  .   ____          _            __ _ _
 /\\ / ___'_ __ _ _(_)_ __  __ _ \ \ \ \
( ( )\___ | '_ | '_| | '_ \/ _` | \ \ \ \
 \\/  ___)| |_)| | | | | || (_| |  ) ) ) )
  '  |____| .__|_| |_|_| |_\__, | / / / /
 =========|_|==============|___/=/_/_/_/

 :: Spring Boot ::                (v4.0.1)

2026-01-01T11:29:05.011-03:00  INFO 992450 --- [locktest] [           main] c.m.locktest.LocktestApplicationTests    : Starting LocktestApplicationTests using Java 17.0.13 with PID 992450 (started by MATERA\martin.dymenstein in /home/martin.dymenstein/Projetos/mygit/locktest)
2026-01-01T11:29:05.019-03:00  INFO 992450 --- [locktest] [           main] c.m.locktest.LocktestApplicationTests    : No active profile set, falling back to 1 default profile: "default"
2026-01-01T11:29:06.632-03:00  INFO 992450 --- [locktest] [           main] c.m.locktest.LocktestApplicationTests    : Started LocktestApplicationTests in 2.626 seconds (process running for 8.558)
]]></system-out>
  </testcase>
</testsuite>